<?xml version="1.0" encoding="UTF-8"?>
<!-- Generated by org.testng.reporters.JUnitReportReporter -->
<testsuite hostname="DESKTOP-5C81T5F" failures="0" tests="5" name="testCases.TC_003_LoginDDT" time="38.798" errors="0" timestamp="2023-06-21T23:12:21 IST" skipped="0">
  <testcase classname="testCases.TC_003_LoginDDT" name="test_loginDDT" time="2.532"/>
  <testcase classname="testCases.TC_003_LoginDDT" name="test_loginDDT" time="12.190"/>
  <testcase classname="testCases.TC_003_LoginDDT" name="test_loginDDT" time="11.140"/>
  <testcase classname="testCases.TC_003_LoginDDT" name="test_loginDDT" time="11.271"/>
  <testcase classname="testCases.TC_003_LoginDDT" name="test_loginDDT" time="1.665"/>
</testsuite> <!-- testCases.TC_003_LoginDDT -->
