<?xml version="1.0" encoding="UTF-8"?>
<!-- Generated by org.testng.reporters.JUnitReportReporter -->
<testsuite hostname="DESKTOP-5C81T5F" failures="0" tests="1" name="testCases.TC_002_LoginTest" time="1.596" errors="0" timestamp="2023-06-22T11:48:41 IST" skipped="0">
  <testcase classname="testCases.TC_002_LoginTest" name="LoginTest" time="1.596"/>
</testsuite> <!-- testCases.TC_002_LoginTest -->
