<?xml version="1.0" encoding="UTF-8"?>
<!-- Generated by org.testng.reporters.JUnitReportReporter -->
<testsuite hostname="DESKTOP-5C81T5F" failures="0" tests="1" name="testCases.TC_001_AccountRegistrationTest" time="4.380" errors="0" timestamp="2023-06-22T12:51:05 IST" skipped="0">
  <testcase classname="testCases.TC_001_AccountRegistrationTest" name="test_account_Registration" time="4.380"/>
</testsuite> <!-- testCases.TC_001_AccountRegistrationTest -->
